<?xml version="1.0" encoding="UTF-8"?>
<testsuite xmlns:xsi="http://www.w3.org/2001/XMLSchema-instance" xsi:noNamespaceSchemaLocation="https://maven.apache.org/surefire/maven-surefire-plugin/xsd/surefire-test-report-3.0.xsd" version="3.0" name="com.gym.crm.service.TrainingServiceTest" time="0.109" tests="2" errors="0" skipped="0" failures="0">
  <properties>
[...]
</properties>
  <testcase name="shouldCreateTraining" classname="com.gym.crm.service.TrainingServiceTest" time="0.09">
    <system-out><![CDATA[22:50:06.355 [main] INFO  com.gym.crm.service.TrainingService - Created training profile: id=null, name=Session
]]></system-out>
  </testcase>
  <testcase name="shouldSelectTraining" classname="com.gym.crm.service.TrainingServiceTest" time="0.003"/>
</testsuite>